-------------------------------------------------------------------------------
Test set: TestSuite
-------------------------------------------------------------------------------
Tests run: 4, Failures: 2, Errors: 0, Skipped: 0, Time elapsed: 7.148 s <<< FAILURE! - in TestSuite
ai.iamneo.testing.Testing_Selenium_TestNg.AppTest.iamNeo  Time elapsed: 3.711 s  <<< FAILURE!
org.openqa.selenium.WebDriverException: 
unknown error: session deleted because of page crash
from unknown error: cannot determine loading status
from tab crashed
  (Session info: chrome=114.0.5735.133)
Build info: version: '4.1.0', revision: '87802e897b'
System info: host: 'dffbcddeeedfddfddddfcdbbbdefea-0', ip: '10.80.6.120', os.name: 'Linux', os.arch: 'amd64', os.version: '5.15.107+', java.version: '11.0.18'
Driver info: org.openqa.selenium.remote.RemoteWebDriver
Command: [9efbca9e618d8d02e0f39bac0e4a9478, get {url=http://iamneo.ai}]
Capabilities {acceptInsecureCerts: false, browserName: chrome, browserVersion: 114.0.5735.133, chrome: {chromedriverVersion: 114.0.5735.90 (386bc09e8f4f..., userDataDir: /tmp/.com.google.Chrome.PPzUnr}, goog:chromeOptions: {debuggerAddress: localhost:33603}, javascriptEnabled: true, networkConnectionEnabled: false, pageLoadStrategy: normal, platform: LINUX, platformName: LINUX, proxy: Proxy(), se:bidiEnabled: false, se:cdp: ws://10.80.6.120:4444/sessi..., se:cdpVersion: 114.0.5735.133, se:vnc: ws://10.80.6.120:4444/sessi..., se:vncEnabled: true, se:vncLocalAddress: ws://10.80.6.120:7900, setWindowRect: true, strictFileInteractability: false, timeouts: {implicit: 0, pageLoad: 300000, script: 30000}, unhandledPromptBehavior: dismiss and notify, webauthn:extension:credBlob: true, webauthn:extension:largeBlob: true, webauthn:extension:minPinLength: true, webauthn:extension:prf: true, webauthn:virtualAuthenticators: true}
Session ID: 9efbca9e618d8d02e0f39bac0e4a9478
	at ai.iamneo.testing.Testing_Selenium_TestNg.AppTest.iamNeo(AppTest.java:29)

ai.iamneo.testing.Testing_Selenium_TestNg.AppTest.nextPage  Time elapsed: 0.086 s  <<< FAILURE!
org.openqa.selenium.NoSuchSessionException: 
invalid session id
Build info: version: '4.1.0', revision: '87802e897b'
System info: host: 'dffbcddeeedfddfddddfcdbbbdefea-0', ip: '10.80.6.120', os.name: 'Linux', os.arch: 'amd64', os.version: '5.15.107+', java.version: '11.0.18'
Driver info: org.openqa.selenium.remote.RemoteWebDriver
Command: [9efbca9e618d8d02e0f39bac0e4a9478, get {url=https://www.facebook.com}]
Capabilities {acceptInsecureCerts: false, browserName: chrome, browserVersion: 114.0.5735.133, chrome: {chromedriverVersion: 114.0.5735.90 (386bc09e8f4f..., userDataDir: /tmp/.com.google.Chrome.PPzUnr}, goog:chromeOptions: {debuggerAddress: localhost:33603}, javascriptEnabled: true, networkConnectionEnabled: false, pageLoadStrategy: normal, platform: LINUX, platformName: LINUX, proxy: Proxy(), se:bidiEnabled: false, se:cdp: ws://10.80.6.120:4444/sessi..., se:cdpVersion: 114.0.5735.133, se:vnc: ws://10.80.6.120:4444/sessi..., se:vncEnabled: true, se:vncLocalAddress: ws://10.80.6.120:7900, setWindowRect: true, strictFileInteractability: false, timeouts: {implicit: 0, pageLoad: 300000, script: 30000}, unhandledPromptBehavior: dismiss and notify, webauthn:extension:credBlob: true, webauthn:extension:largeBlob: true, webauthn:extension:minPinLength: true, webauthn:extension:prf: true, webauthn:virtualAuthenticators: true}
Session ID: 9efbca9e618d8d02e0f39bac0e4a9478
	at ai.iamneo.testing.Testing_Selenium_TestNg.AppTest.nextPage(AppTest.java:41)

