<?xml version="1.0" encoding="UTF-8" ?>
<testsuite tests="3" failures="1" name="ai.iamneo.testing.Testing_Selenium_TestNg.AppTest" time="0.324" errors="0" skipped="2">
  <properties>
[...]
</properties>
  <testcase classname="ai.iamneo.testing.Testing_Selenium_TestNg.AppTest" name="setUp" time="0.324">
    <failure message="The driver executable does not exist: /home/coder/project/workspace/Testing-with-Selenium-TestNg/path/to/chromedriver" type="java.lang.IllegalStateException">java.lang.IllegalStateException: The driver executable does not exist: /home/coder/project/workspace/Testing-with-Selenium-TestNg/path/to/chromedriver
	at com.google.common.base.Preconditions.checkState(Preconditions.java:585)
	at org.openqa.selenium.remote.service.DriverService.checkExecutable(DriverService.java:146)
	at org.openqa.selenium.remote.service.DriverService.findExecutable(DriverService.java:141)
	at org.openqa.selenium.chrome.ChromeDriverService.access$000(ChromeDriverService.java:35)
	at org.openqa.selenium.chrome.ChromeDriverService$Builder.findDefaultExecutable(ChromeDriverService.java:159)
	at org.openqa.selenium.remote.service.DriverService$Builder.build(DriverService.java:355)
	at org.openqa.selenium.chrome.ChromeDriverService.createDefaultService(ChromeDriverService.java:94)
	at org.openqa.selenium.chrome.ChromeDriver.&lt;init&gt;(ChromeDriver.java:123)
	at ai.iamneo.testing.Testing_Selenium_TestNg.AppTest.setUp(AppTest.java:19)
</failure>
    <system-out>Configuring TestNG with: org.apache.maven.surefire.testng.conf.TestNG652Configurator@1517365b
</system-out>
  </testcase>
  <testcase classname="ai.iamneo.testing.Testing_Selenium_TestNg.AppTest" name="Apptest" time="0">
    <skipped/>
  </testcase>
  <testcase classname="ai.iamneo.testing.Testing_Selenium_TestNg.AppTest" name="tearDown" time="0">
    <skipped/>
  </testcase>
</testsuite>