<?xml version="1.0" encoding="UTF-8"?>
<!-- Generated by org.testng.reporters.JUnitXMLReporter -->
<testsuite ignored="0" hostname="dffbcddeeedfddfddddfcdbbbdefea-0" failures="4" tests="4" name="Test" time="5.553" errors="0" timestamp="2023-08-14T13:12:03 UTC">
  <testcase classname="ai.iamneo.testing.Testing_Selenium_TestNg.AppTest" name="backPage" time="0.002">
    <failure type="java.lang.AssertionError" message="expected [] but found [Get your title]">
      <![CDATA[java.lang.AssertionError: expected [] but found [Get your title]
at ai.iamneo.testing.Testing_Selenium_TestNg.AppTest.backPage(AppTest.java:46)
at java.base/java.util.ArrayList.forEach(ArrayList.java:1541)
... Removed 37 stack frames]]>
    </failure>
  </testcase> <!-- backPage -->
  <testcase classname="ai.iamneo.testing.Testing_Selenium_TestNg.AppTest" name="currentURL" time="0.0">
    <failure type="java.lang.AssertionError" message="expected [] but found [Get your title]">
      <![CDATA[java.lang.AssertionError: expected [] but found [Get your title]
at ai.iamneo.testing.Testing_Selenium_TestNg.AppTest.currentURL(AppTest.java:54)
at java.base/java.util.ArrayList.forEach(ArrayList.java:1541)
... Removed 37 stack frames]]>
    </failure>
  </testcase> <!-- currentURL -->
  <testcase classname="ai.iamneo.testing.Testing_Selenium_TestNg.AppTest" name="iamNeo" time="0.001">
    <failure type="java.lang.AssertionError" message="expected [] but found [Get your title]">
      <![CDATA[java.lang.AssertionError: expected [] but found [Get your title]
at ai.iamneo.testing.Testing_Selenium_TestNg.AppTest.iamNeo(AppTest.java:30)
at java.base/java.util.ArrayList.forEach(ArrayList.java:1541)
... Removed 37 stack frames]]>
    </failure>
  </testcase> <!-- iamNeo -->
  <testcase classname="ai.iamneo.testing.Testing_Selenium_TestNg.AppTest" name="nextPage" time="0.0">
    <failure type="java.lang.AssertionError" message="expected [] but found [Get your title]">
      <![CDATA[java.lang.AssertionError: expected [] but found [Get your title]
at ai.iamneo.testing.Testing_Selenium_TestNg.AppTest.nextPage(AppTest.java:38)
at java.base/java.util.ArrayList.forEach(ArrayList.java:1541)
... Removed 37 stack frames]]>
    </failure>
  </testcase> <!-- nextPage -->
</testsuite> <!-- Test -->
